<?xml version="1.0" encoding="UTF-8"?>
<testsuite name="hello.hellospring.service.MemberServiceTest" tests="4" skipped="0" failures="0" errors="0" timestamp="2022-06-02T05:37:13" hostname="DESKTOP-BK3R4GI" time="0.104">
  <properties/>
  <testcase name="findOne()" classname="hello.hellospring.service.MemberServiceTest" time="0.02"/>
  <testcase name="중복_회원_예외()" classname="hello.hellospring.service.MemberServiceTest" time="0.079"/>
  <testcase name="회원가입()" classname="hello.hellospring.service.MemberServiceTest" time="0.001"/>
  <testcase name="findMembers()" classname="hello.hellospring.service.MemberServiceTest" time="0.001"/>
  <system-out><![CDATA[]]></system-out>
  <system-err><![CDATA[]]></system-err>
</testsuite>
